📊 Fetching WallStreetBets sentiment data...
Traceback (most recent call last):
  File "/home/ubuntu/trading-bots/ms_wsb.py", line 52, in <module>
    wsb_signals = fetch_wsb_data()
  File "/home/ubuntu/trading-bots/ms_wsb.py", line 22, in fetch_wsb_data
    response.raise_for_status()
  File "/usr/local/lib/python3.10/dist-packages/requests/models.py", line 1024, in raise_for_status
    raise HTTPError(http_error_msg, response=self)
requests.exceptions.HTTPError: 500 Server Error: Internal Server Error for url: https://api.quiverquant.com/beta/live/wallstreetbets
📊 Fetching WallStreetBets sentiment data...
Traceback (most recent call last):
  File "/home/ubuntu/trading-bots/ms_wsb.py", line 52, in <module>
    wsb_signals = fetch_wsb_data()
  File "/home/ubuntu/trading-bots/ms_wsb.py", line 22, in fetch_wsb_data
    response.raise_for_status()
  File "/usr/local/lib/python3.10/dist-packages/requests/models.py", line 1024, in raise_for_status
    raise HTTPError(http_error_msg, response=self)
requests.exceptions.HTTPError: 500 Server Error: Internal Server Error for url: https://api.quiverquant.com/beta/live/wallstreetbets
📊 Fetching WallStreetBets sentiment data...
Traceback (most recent call last):
  File "/home/ubuntu/trading-bots/ms_wsb.py", line 52, in <module>
    wsb_signals = fetch_wsb_data()
  File "/home/ubuntu/trading-bots/ms_wsb.py", line 22, in fetch_wsb_data
    response.raise_for_status()
  File "/usr/local/lib/python3.10/dist-packages/requests/models.py", line 1024, in raise_for_status
    raise HTTPError(http_error_msg, response=self)
requests.exceptions.HTTPError: 500 Server Error: Internal Server Error for url: https://api.quiverquant.com/beta/live/wallstreetbets
📊 Fetching WallStreetBets sentiment data...
Traceback (most recent call last):
  File "/home/ubuntu/trading-bots/ms_wsb.py", line 52, in <module>
    wsb_signals = fetch_wsb_data()
  File "/home/ubuntu/trading-bots/ms_wsb.py", line 22, in fetch_wsb_data
    response.raise_for_status()
  File "/usr/local/lib/python3.10/dist-packages/requests/models.py", line 1024, in raise_for_status
    raise HTTPError(http_error_msg, response=self)
requests.exceptions.HTTPError: 500 Server Error: Internal Server Error for url: https://api.quiverquant.com/beta/live/wallstreetbets
📊 Fetching WallStreetBets sentiment data...
Traceback (most recent call last):
  File "/home/ubuntu/trading-bots/ms_wsb.py", line 52, in <module>
    wsb_signals = fetch_wsb_data()
  File "/home/ubuntu/trading-bots/ms_wsb.py", line 22, in fetch_wsb_data
    response.raise_for_status()
  File "/usr/local/lib/python3.10/dist-packages/requests/models.py", line 1024, in raise_for_status
    raise HTTPError(http_error_msg, response=self)
requests.exceptions.HTTPError: 500 Server Error: Internal Server Error for url: https://api.quiverquant.com/beta/live/wallstreetbets
📊 Fetching WallStreetBets sentiment data...
Traceback (most recent call last):
  File "/home/ubuntu/trading-bots/ms_wsb.py", line 52, in <module>
    wsb_signals = fetch_wsb_data()
  File "/home/ubuntu/trading-bots/ms_wsb.py", line 22, in fetch_wsb_data
    response.raise_for_status()
  File "/usr/local/lib/python3.10/dist-packages/requests/models.py", line 1024, in raise_for_status
    raise HTTPError(http_error_msg, response=self)
requests.exceptions.HTTPError: 500 Server Error: Internal Server Error for url: https://api.quiverquant.com/beta/live/wallstreetbets
Traceback (most recent call last):
  File "/home/ubuntu/trading-bots/ms_wsb.py", line 2, in <module>
    from dotenv import load_dotenv
ModuleNotFoundError: No module named 'dotenv'
Traceback (most recent call last):
  File "/home/ubuntu/trading-bots/ms_wsb.py", line 2, in <module>
    from dotenv import load_dotenv
ModuleNotFoundError: No module named 'dotenv'
Traceback (most recent call last):
  File "/home/ubuntu/trading-bots/ms_wsb.py", line 2, in <module>
    from dotenv import load_dotenv
ModuleNotFoundError: No module named 'dotenv'
Traceback (most recent call last):
  File "/home/ubuntu/trading-bots/ms_wsb.py", line 2, in <module>
    from dotenv import load_dotenv
ModuleNotFoundError: No module named 'dotenv'
✅ API Key successfully loaded in ms_wsb.py
📊 Fetching WallStreetBets sentiment data...
Traceback (most recent call last):
  File "/home/ubuntu/trading-bots/ms_wsb.py", line 63, in <module>
    wsb_signals = fetch_wsb_data()
  File "/home/ubuntu/trading-bots/ms_wsb.py", line 43, in fetch_wsb_data
    cursor.execute("""
sqlite3.OperationalError: no such table: wsb_sentiment
✅ API Key successfully loaded in ms_wsb.py
📊 Fetching WallStreetBets sentiment data...
Traceback (most recent call last):
  File "/home/ubuntu/trading-bots/ms_wsb.py", line 63, in <module>
    wsb_signals = fetch_wsb_data()
  File "/home/ubuntu/trading-bots/ms_wsb.py", line 43, in fetch_wsb_data
    cursor.execute("""
sqlite3.OperationalError: no such table: wsb_sentiment
✅ API Key successfully loaded in ms_wsb.py
📊 Fetching WallStreetBets sentiment data...
Traceback (most recent call last):
  File "/home/ubuntu/trading-bots/ms_wsb.py", line 63, in <module>
    wsb_signals = fetch_wsb_data()
  File "/home/ubuntu/trading-bots/ms_wsb.py", line 43, in fetch_wsb_data
    cursor.execute("""
sqlite3.OperationalError: no such table: wsb_sentiment
